<?xml version="1.0" encoding="UTF-8"?>
<!-- Generated by org.testng.reporters.JUnitReportReporter -->
<testsuite skipped="0" hostname="MATTI" name="mystore.tests.AddProductToCartTest" tests="1" failures="0" timestamp="2020-07-07T17:58:42 IDT" time="18.319" errors="0">
  <testcase name="e01_AddProductToCart" time="18.319" classname="mystore.tests.AddProductToCartTest"/>
  <system-out/>
</testsuite> <!-- mystore.tests.AddProductToCartTest -->
