<?xml version="1.0" encoding="UTF-8"?>
<!-- Generated by org.testng.reporters.JUnitReportReporter -->
<testsuite skipped="0" hostname="MATTI" name="mystore.tests.ContactUsPage" tests="1" failures="0" timestamp="2019-11-10T20:59:02 IST" time="2.933" errors="0">
  <testcase name="a01_ForGetYourPswd" time="2.933" classname="mystore.tests.ContactUsPage"/>
</testsuite> <!-- mystore.tests.ContactUsPage -->
