<?xml version="1.0" encoding="UTF-8"?>
<!-- Generated by org.testng.reporters.JUnitReportReporter -->
<testsuite skipped="0" hostname="MATTI" name="mystore.tests.ForGetYourPswdTest" tests="3" failures="0" timestamp="2019-11-25T21:55:05 IST" time="87.880" errors="0">
  <testcase name="c01_ForGetYourPswd" time="28.541" classname="mystore.tests.ForGetYourPswdTest"/>
  <testcase name="c03_ForGetYourPswd" time="38.103" classname="mystore.tests.ForGetYourPswdTest"/>
  <testcase name="c02_ForGetYourPswd" time="21.236" classname="mystore.tests.ForGetYourPswdTest"/>
</testsuite> <!-- mystore.tests.ForGetYourPswdTest -->
