<?xml version="1.0" encoding="UTF-8"?>
<!-- Generated by org.testng.reporters.JUnitReportReporter -->
<testsuite skipped="0" hostname="MATTI" name="tests.AddingTaskTest" tests="2" failures="0" timestamp="2019-09-08T19:06:59 IDT" time="3.351" errors="0">
  <testcase name="add01_addSimpleTask" time="1.778" classname="tests.AddingTaskTest"/>
  <testcase name="add02_addMoreTasks" time="1.573" classname="tests.AddingTaskTest"/>
</testsuite> <!-- tests.AddingTaskTest -->
