<?xml version="1.0" encoding="UTF-8"?>
<!-- Generated by org.testng.reporters.JUnitReportReporter -->
<testsuite skipped="0" hostname="MATTI" name="mystore.tests.AlreadyRigistedTest" tests="7" failures="0" timestamp="2020-07-07T17:59:54 IDT" time="25.428" errors="0">
  <testcase name="d01_AlreadyRigistedTest" time="3.463" classname="mystore.tests.AlreadyRigistedTest"/>
  <system-out/>
  <testcase name="d01_AlreadyRigistedTest" time="4.121" classname="mystore.tests.AlreadyRigistedTest"/>
  <system-out/>
  <testcase name="d01_AlreadyRigistedTest" time="3.266" classname="mystore.tests.AlreadyRigistedTest"/>
  <system-out/>
  <testcase name="d01_AlreadyRigistedTest" time="3.323" classname="mystore.tests.AlreadyRigistedTest"/>
  <system-out/>
  <testcase name="d04_AlreadyRigistedTest" time="3.444" classname="mystore.tests.AlreadyRigistedTest"/>
  <system-out/>
  <testcase name="d02_AlreadyRigistedTest" time="4.302" classname="mystore.tests.AlreadyRigistedTest"/>
  <system-out/>
  <testcase name="d03_AlreadyRigistedTest" time="3.509" classname="mystore.tests.AlreadyRigistedTest"/>
  <system-out/>
</testsuite> <!-- mystore.tests.AlreadyRigistedTest -->
