<?xml version="1.0" encoding="UTF-8"?>
<!-- Generated by org.testng.reporters.JUnitReportReporter -->
<testsuite skipped="0" hostname="MATTI" name="mystore.tests.SearchProductTest" tests="1" failures="0" timestamp="2020-07-20T23:15:46 IDT" time="4.568" errors="0">
  <testcase name="e01_SearchProduct" time="4.568" classname="mystore.tests.SearchProductTest"/>
  <system-out/>
</testsuite> <!-- mystore.tests.SearchProductTest -->
