<?xml version="1.0" encoding="UTF-8"?>
<!-- Generated by org.testng.reporters.JUnitReportReporter -->
<testsuite skipped="0" hostname="MATTI" name="mystore.tests.SearchProductTest" tests="1" failures="0" timestamp="2019-11-25T21:55:05 IST" time="28.742" errors="0">
  <testcase name="e01_SearchProduct" time="28.742" classname="mystore.tests.SearchProductTest"/>
</testsuite> <!-- mystore.tests.SearchProductTest -->
