<?xml version="1.0" encoding="UTF-8"?>
<!-- Generated by org.testng.reporters.JUnitReportReporter -->
<testsuite skipped="0" hostname="MATTI" name="mystore.tests.SanityTest" tests="1" failures="0" timestamp="2019-11-30T16:09:53 IST" time="42.682" errors="0">
  <testcase name="e04_Sanity" time="42.682" classname="mystore.tests.SanityTest"/>
</testsuite> <!-- mystore.tests.SanityTest -->
