<?xml version="1.0" encoding="UTF-8"?>
<!-- Generated by org.testng.reporters.JUnitReportReporter -->
<testsuite skipped="0" hostname="MATTI" name="mystore.tests.ForGetYourPswd" tests="1" failures="0" timestamp="2019-11-10T19:59:59 IST" time="6.078" errors="0">
  <testcase name="a03_ForGetYourPswd" time="6.078" classname="mystore.tests.ForGetYourPswd"/>
</testsuite> <!-- mystore.tests.ForGetYourPswd -->
