<?xml version="1.0" encoding="UTF-8"?>
<!-- Generated by org.testng.reporters.JUnitReportReporter -->
<testsuite skipped="0" hostname="MATTI" name="mystore.tests.AlreadyRigistedTest" tests="4" failures="0" timestamp="2020-07-22T13:56:54 IDT" time="15.813" errors="0">
  <testcase name="d01_AlreadyRigistedTest" time="3.911" classname="mystore.tests.AlreadyRigistedTest"/>
  <system-out/>
  <testcase name="d01_AlreadyRigistedTest" time="3.384" classname="mystore.tests.AlreadyRigistedTest"/>
  <system-out/>
  <testcase name="d01_AlreadyRigistedTest" time="4.210" classname="mystore.tests.AlreadyRigistedTest"/>
  <system-out/>
  <testcase name="d01_AlreadyRigistedTest" time="4.308" classname="mystore.tests.AlreadyRigistedTest"/>
  <system-out/>
</testsuite> <!-- mystore.tests.AlreadyRigistedTest -->
